#
# There is insufficient memory for the Java Runtime Environment to continue.
# Native memory allocation (malloc) failed to allocate 457616 bytes. Error detail: Chunk::new
# Possible reasons:
#   The system is out of physical RAM or swap space
#   This process is running with CompressedOops enabled, and the Java Heap may be blocking the growth of the native heap
# Possible solutions:
#   Reduce memory load on the system
#   Increase physical memory or swap space
#   Check if swap backing store is full
#   Decrease Java heap size (-Xmx/-Xms)
#   Decrease number of Java threads
#   Decrease Java thread stack sizes (-Xss)
#   Set larger code cache with -XX:ReservedCodeCacheSize=
#   JVM is running with Unscaled Compressed Oops mode in which the Java heap is
#     placed in the first 4GB address space. The Java Heap base address is the
#     maximum limit for the native heap growth. Please use -XX:HeapBaseMinAddress
#     to set the Java Heap base and to place the Java Heap above 4GB virtual address.
# This output file may be truncated or incomplete.
#
#  Out of Memory Error (arena.cpp:168), pid=14092, tid=34728
#
# JRE version: OpenJDK Runtime Environment (21.0.8) (build 21.0.8+-14018985-b1038.68)
# Java VM: OpenJDK 64-Bit Server VM (21.0.8+-14018985-b1038.68, mixed mode, tiered, compressed oops, compressed class ptrs, g1 gc, windows-amd64)
# No core dump will be written. Minidumps are not enabled by default on client versions of Windows
#

---------------  S U M M A R Y ------------

Command Line: -Dorg.gradle.appname=gradlew org.gradle.wrapper.GradleWrapperMain -q -Ptarget-platform=android-arm64 -Ptarget=C:\Users\belat\Documents\SAE\otakugo\lib\main.dart -Pbase-application-name=android.app.Application -Pdart-defines=RkxVVFRFUl9WRVJTSU9OPTMuMzUuNg==,RkxVVFRFUl9DSEFOTkVMPXN0YWJsZQ==,RkxVVFRFUl9HSVRfVVJMPWh0dHBzOi8vZ2l0aHViLmNvbS9mbHV0dGVyL2ZsdXR0ZXIuZ2l0,RkxVVFRFUl9GUkFNRVdPUktfUkVWSVNJT049OWY0NTVkMjQ4Ng==,RkxVVFRFUl9FTkdJTkVfUkVWSVNJT049ZDI5MTM2MzJhNA==,RkxVVFRFUl9EQVJUX1ZFUlNJT049My45LjI= -Pdart-obfuscation=false -Ptrack-widget-creation=true -Ptree-shake-icons=false -Pfilesystem-scheme=org-dartlang-root assembleDebug

Host: AMD Ryzen 5 5500U with Radeon Graphics         , 12 cores, 5G,  Windows 11 , 64 bit Build 22621 (10.0.22621.5415)
Time: Wed Dec 10 11:31:52 2025 Paris, Madrid elapsed time: 1.752934 seconds (0d 0h 0m 1s)

---------------  T H R E A D  ---------------

Current thread (0x0000017de89d5f00):  JavaThread "C2 CompilerThread0" daemon [_thread_in_native, id=34728, stack(0x000000144fe00000,0x000000144ff00000) (1024K)]


Current CompileTask:
C2:1753  557       4       java.util.HashSet::add (20 bytes)

Stack: [0x000000144fe00000,0x000000144ff00000]
Native frames: (J=compiled Java code, j=interpreted, Vv=VM code, C=native code)
V  [jvm.dll+0x6d68d9]
V  [jvm.dll+0x866693]
V  [jvm.dll+0x868c4e]
V  [jvm.dll+0x869333]
V  [jvm.dll+0x280566]
V  [jvm.dll+0xc07cd]
V  [jvm.dll+0xc0d03]
V  [jvm.dll+0x3b95e1]
V  [jvm.dll+0x385507]
V  [jvm.dll+0x38497a]
V  [jvm.dll+0x249252]
V  [jvm.dll+0x248821]
V  [jvm.dll+0x1c73a4]
V  [jvm.dll+0x257f9e]
V  [jvm.dll+0x2564e6]
V  [jvm.dll+0x3f4696]
V  [jvm.dll+0x80eac8]
V  [jvm.dll+0x6d512d]
C  [ucrtbase.dll+0x29333]
C  [KERNEL32.DLL+0x1259d]
C  [ntdll.dll+0x5af78]


---------------  P R O C E S S  ---------------

Threads class SMR info:
_java_thread_list=0x0000017de8b411a0, length=11, elements={
0x0000017dcf2c9a30, 0x0000017de8996190, 0x0000017de899bef0, 0x0000017de899c950,
0x0000017de89c0800, 0x0000017de89c1260, 0x0000017de89c1cc0, 0x0000017de89ce460,
0x0000017de89d5f00, 0x0000017de89d69a0, 0x0000017de8b689a0
}

Java Threads: ( => current thread )
  0x0000017dcf2c9a30 JavaThread "main"                              [_thread_in_native, id=28552, stack(0x000000144ef00000,0x000000144f000000) (1024K)]
  0x0000017de8996190 JavaThread "Common-Cleaner"             daemon [_thread_blocked, id=26500, stack(0x000000144f700000,0x000000144f800000) (1024K)]
  0x0000017de899bef0 JavaThread "Reference Handler"          daemon [_thread_blocked, id=31452, stack(0x000000144f800000,0x000000144f900000) (1024K)]
  0x0000017de899c950 JavaThread "Finalizer"                  daemon [_thread_blocked, id=12536, stack(0x000000144f900000,0x000000144fa00000) (1024K)]
  0x0000017de89c0800 JavaThread "Signal Dispatcher"          daemon [_thread_blocked, id=18460, stack(0x000000144fa00000,0x000000144fb00000) (1024K)]
  0x0000017de89c1260 JavaThread "Attach Listener"            daemon [_thread_blocked, id=2156, stack(0x000000144fb00000,0x000000144fc00000) (1024K)]
  0x0000017de89c1cc0 JavaThread "Service Thread"             daemon [_thread_blocked, id=32628, stack(0x000000144fc00000,0x000000144fd00000) (1024K)]
  0x0000017de89ce460 JavaThread "Monitor Deflation Thread"   daemon [_thread_blocked, id=21004, stack(0x000000144fd00000,0x000000144fe00000) (1024K)]
=>0x0000017de89d5f00 JavaThread "C2 CompilerThread0"         daemon [_thread_in_native, id=34728, stack(0x000000144fe00000,0x000000144ff00000) (1024K)]
  0x0000017de89d69a0 JavaThread "C1 CompilerThread0"         daemon [_thread_blocked, id=5480, stack(0x000000144ff00000,0x0000001450000000) (1024K)]
  0x0000017de8b689a0 JavaThread "Notification Thread"        daemon [_thread_blocked, id=34596, stack(0x0000001450000000,0x0000001450100000) (1024K)]
Total: 11

Other Threads:
  0x0000017dcf29f4f0 VMThread "VM Thread"                           [id=8364, stack(0x000000144f600000,0x000000144f700000) (1024K)]
  0x0000017de8790290 WatcherThread "VM Periodic Task Thread"        [id=32296, stack(0x000000144f500000,0x000000144f600000) (1024K)]
  0x0000017dcf29f890 WorkerThread "GC Thread#0"                     [id=23280, stack(0x000000144f000000,0x000000144f100000) (1024K)]
  0x0000017dd17d3d60 ConcurrentGCThread "G1 Main Marker"            [id=37116, stack(0x000000144f100000,0x000000144f200000) (1024K)]
  0x0000017dcf29edb0 WorkerThread "G1 Conc#0"                       [id=18880, stack(0x000000144f200000,0x000000144f300000) (1024K)]
  0x0000017de86621c0 ConcurrentGCThread "G1 Refine#0"               [id=18784, stack(0x000000144f300000,0x000000144f400000) (1024K)]
  0x0000017de8663c50 ConcurrentGCThread "G1 Service"                [id=37016, stack(0x000000144f400000,0x000000144f500000) (1024K)]
Total: 7

Threads with active compile tasks:
C2 CompilerThread0  1792  557       4       java.util.HashSet::add (20 bytes)
Total: 1

VM state: not at safepoint (normal execution)

VM Mutex/Monitor currently owned by a thread: None

Heap address: 0x00000000a2600000, size: 1498 MB, Compressed Oops mode: 32-bit

CDS archive(s) not mapped
Compressed class space mapped at: 0x0000000100000000-0x0000000140000000, reserved size: 1073741824
Narrow klass base: 0x0000000000000000, Narrow klass shift: 3, Narrow klass range: 0x140000000

GC Precious Log:
 CardTable entry size: 512
 Card Set container configuration: InlinePtr #cards 5 size 8 Array Of Cards #cards 12 size 40 Howl #buckets 4 coarsen threshold 1843 Howl Bitmap #cards 512 size 80 coarsen threshold 460 Card regions per heap region 1 cards per card region 2048
 CPUs: 12 total, 12 available
 Memory: 5989M
 Large Page Support: Disabled
 NUMA Support: Disabled
 Compressed Oops: Enabled (32-bit)
 Heap Region Size: 1M
 Heap Min Capacity: 8M
 Heap Initial Capacity: 94M
 Heap Max Capacity: 1498M
 Pre-touch: Disabled
 Parallel Workers: 10
 Concurrent Workers: 3
 Concurrent Refinement Workers: 10
 Periodic GC: Disabled

Heap:
 garbage-first heap   total 96256K, used 20480K [0x00000000a2600000, 0x0000000100000000)
  region size 1024K, 22 young (22528K), 0 survivors (0K)
 Metaspace       used 8652K, committed 8896K, reserved 1114112K
  class space    used 795K, committed 896K, reserved 1048576K

Heap Regions: E=young(eden), S=young(survivor), O=old, HS=humongous(starts), HC=humongous(continues), CS=collection set, F=free, TAMS=top-at-mark-start, PB=parsable bottom
|   0|0x00000000a2600000, 0x00000000a2600000, 0x00000000a2700000|  0%| F|  |TAMS 0x00000000a2600000| PB 0x00000000a2600000| Untracked 
|   1|0x00000000a2700000, 0x00000000a2700000, 0x00000000a2800000|  0%| F|  |TAMS 0x00000000a2700000| PB 0x00000000a2700000| Untracked 
|   2|0x00000000a2800000, 0x00000000a2800000, 0x00000000a2900000|  0%| F|  |TAMS 0x00000000a2800000| PB 0x00000000a2800000| Untracked 
|   3|0x00000000a2900000, 0x00000000a2900000, 0x00000000a2a00000|  0%| F|  |TAMS 0x00000000a2900000| PB 0x00000000a2900000| Untracked 
|   4|0x00000000a2a00000, 0x00000000a2a00000, 0x00000000a2b00000|  0%| F|  |TAMS 0x00000000a2a00000| PB 0x00000000a2a00000| Untracked 
|   5|0x00000000a2b00000, 0x00000000a2b00000, 0x00000000a2c00000|  0%| F|  |TAMS 0x00000000a2b00000| PB 0x00000000a2b00000| Untracked 
|   6|0x00000000a2c00000, 0x00000000a2c00000, 0x00000000a2d00000|  0%| F|  |TAMS 0x00000000a2c00000| PB 0x00000000a2c00000| Untracked 
|   7|0x00000000a2d00000, 0x00000000a2d00000, 0x00000000a2e00000|  0%| F|  |TAMS 0x00000000a2d00000| PB 0x00000000a2d00000| Untracked 
|   8|0x00000000a2e00000, 0x00000000a2e00000, 0x00000000a2f00000|  0%| F|  |TAMS 0x00000000a2e00000| PB 0x00000000a2e00000| Untracked 
|   9|0x00000000a2f00000, 0x00000000a2f00000, 0x00000000a3000000|  0%| F|  |TAMS 0x00000000a2f00000| PB 0x00000000a2f00000| Untracked 
|  10|0x00000000a3000000, 0x00000000a3000000, 0x00000000a3100000|  0%| F|  |TAMS 0x00000000a3000000| PB 0x00000000a3000000| Untracked 
|  11|0x00000000a3100000, 0x00000000a3100000, 0x00000000a3200000|  0%| F|  |TAMS 0x00000000a3100000| PB 0x00000000a3100000| Untracked 
|  12|0x00000000a3200000, 0x00000000a3200000, 0x00000000a3300000|  0%| F|  |TAMS 0x00000000a3200000| PB 0x00000000a3200000| Untracked 
|  13|0x00000000a3300000, 0x00000000a3300000, 0x00000000a3400000|  0%| F|  |TAMS 0x00000000a3300000| PB 0x00000000a3300000| Untracked 
|  14|0x00000000a3400000, 0x00000000a3400000, 0x00000000a3500000|  0%| F|  |TAMS 0x00000000a3400000| PB 0x00000000a3400000| Untracked 
|  15|0x00000000a3500000, 0x00000000a3500000, 0x00000000a3600000|  0%| F|  |TAMS 0x00000000a3500000| PB 0x00000000a3500000| Untracked 
|  16|0x00000000a3600000, 0x00000000a3600000, 0x00000000a3700000|  0%| F|  |TAMS 0x00000000a3600000| PB 0x00000000a3600000| Untracked 
|  17|0x00000000a3700000, 0x00000000a3700000, 0x00000000a3800000|  0%| F|  |TAMS 0x00000000a3700000| PB 0x00000000a3700000| Untracked 
|  18|0x00000000a3800000, 0x00000000a3800000, 0x00000000a3900000|  0%| F|  |TAMS 0x00000000a3800000| PB 0x00000000a3800000| Untracked 
|  19|0x00000000a3900000, 0x00000000a3900000, 0x00000000a3a00000|  0%| F|  |TAMS 0x00000000a3900000| PB 0x00000000a3900000| Untracked 
|  20|0x00000000a3a00000, 0x00000000a3a00000, 0x00000000a3b00000|  0%| F|  |TAMS 0x00000000a3a00000| PB 0x00000000a3a00000| Untracked 
|  21|0x00000000a3b00000, 0x00000000a3b00000, 0x00000000a3c00000|  0%| F|  |TAMS 0x00000000a3b00000| PB 0x00000000a3b00000| Untracked 
|  22|0x00000000a3c00000, 0x00000000a3c00000, 0x00000000a3d00000|  0%| F|  |TAMS 0x00000000a3c00000| PB 0x00000000a3c00000| Untracked 
|  23|0x00000000a3d00000, 0x00000000a3d00000, 0x00000000a3e00000|  0%| F|  |TAMS 0x00000000a3d00000| PB 0x00000000a3d00000| Untracked 
|  24|0x00000000a3e00000, 0x00000000a3e00000, 0x00000000a3f00000|  0%| F|  |TAMS 0x00000000a3e00000| PB 0x00000000a3e00000| Untracked 
|  25|0x00000000a3f00000, 0x00000000a3f00000, 0x00000000a4000000|  0%| F|  |TAMS 0x00000000a3f00000| PB 0x00000000a3f00000| Untracked 
|  26|0x00000000a4000000, 0x00000000a4000000, 0x00000000a4100000|  0%| F|  |TAMS 0x00000000a4000000| PB 0x00000000a4000000| Untracked 
|  27|0x00000000a4100000, 0x00000000a4100000, 0x00000000a4200000|  0%| F|  |TAMS 0x00000000a4100000| PB 0x00000000a4100000| Untracked 
|  28|0x00000000a4200000, 0x00000000a4200000, 0x00000000a4300000|  0%| F|  |TAMS 0x00000000a4200000| PB 0x00000000a4200000| Untracked 
|  29|0x00000000a4300000, 0x00000000a4300000, 0x00000000a4400000|  0%| F|  |TAMS 0x00000000a4300000| PB 0x00000000a4300000| Untracked 
|  30|0x00000000a4400000, 0x00000000a4400000, 0x00000000a4500000|  0%| F|  |TAMS 0x00000000a4400000| PB 0x00000000a4400000| Untracked 
|  31|0x00000000a4500000, 0x00000000a4500000, 0x00000000a4600000|  0%| F|  |TAMS 0x00000000a4500000| PB 0x00000000a4500000| Untracked 
|  32|0x00000000a4600000, 0x00000000a4600000, 0x00000000a4700000|  0%| F|  |TAMS 0x00000000a4600000| PB 0x00000000a4600000| Untracked 
|  33|0x00000000a4700000, 0x00000000a4700000, 0x00000000a4800000|  0%| F|  |TAMS 0x00000000a4700000| PB 0x00000000a4700000| Untracked 
|  34|0x00000000a4800000, 0x00000000a4800000, 0x00000000a4900000|  0%| F|  |TAMS 0x00000000a4800000| PB 0x00000000a4800000| Untracked 
|  35|0x00000000a4900000, 0x00000000a4900000, 0x00000000a4a00000|  0%| F|  |TAMS 0x00000000a4900000| PB 0x00000000a4900000| Untracked 
|  36|0x00000000a4a00000, 0x00000000a4a00000, 0x00000000a4b00000|  0%| F|  |TAMS 0x00000000a4a00000| PB 0x00000000a4a00000| Untracked 
|  37|0x00000000a4b00000, 0x00000000a4b00000, 0x00000000a4c00000|  0%| F|  |TAMS 0x00000000a4b00000| PB 0x00000000a4b00000| Untracked 
|  38|0x00000000a4c00000, 0x00000000a4c00000, 0x00000000a4d00000|  0%| F|  |TAMS 0x00000000a4c00000| PB 0x00000000a4c00000| Untracked 
|  39|0x00000000a4d00000, 0x00000000a4d00000, 0x00000000a4e00000|  0%| F|  |TAMS 0x00000000a4d00000| PB 0x00000000a4d00000| Untracked 
|  40|0x00000000a4e00000, 0x00000000a4e00000, 0x00000000a4f00000|  0%| F|  |TAMS 0x00000000a4e00000| PB 0x00000000a4e00000| Untracked 
|  41|0x00000000a4f00000, 0x00000000a4f00000, 0x00000000a5000000|  0%| F|  |TAMS 0x00000000a4f00000| PB 0x00000000a4f00000| Untracked 
|  42|0x00000000a5000000, 0x00000000a5000000, 0x00000000a5100000|  0%| F|  |TAMS 0x00000000a5000000| PB 0x00000000a5000000| Untracked 
|  43|0x00000000a5100000, 0x00000000a5100000, 0x00000000a5200000|  0%| F|  |TAMS 0x00000000a5100000| PB 0x00000000a5100000| Untracked 
|  44|0x00000000a5200000, 0x00000000a5200000, 0x00000000a5300000|  0%| F|  |TAMS 0x00000000a5200000| PB 0x00000000a5200000| Untracked 
|  45|0x00000000a5300000, 0x00000000a5300000, 0x00000000a5400000|  0%| F|  |TAMS 0x00000000a5300000| PB 0x00000000a5300000| Untracked 
|  46|0x00000000a5400000, 0x00000000a5400000, 0x00000000a5500000|  0%| F|  |TAMS 0x00000000a5400000| PB 0x00000000a5400000| Untracked 
|  47|0x00000000a5500000, 0x00000000a5500000, 0x00000000a5600000|  0%| F|  |TAMS 0x00000000a5500000| PB 0x00000000a5500000| Untracked 
|  48|0x00000000a5600000, 0x00000000a5600000, 0x00000000a5700000|  0%| F|  |TAMS 0x00000000a5600000| PB 0x00000000a5600000| Untracked 
|  49|0x00000000a5700000, 0x00000000a5700000, 0x00000000a5800000|  0%| F|  |TAMS 0x00000000a5700000| PB 0x00000000a5700000| Untracked 
|  50|0x00000000a5800000, 0x00000000a5800000, 0x00000000a5900000|  0%| F|  |TAMS 0x00000000a5800000| PB 0x00000000a5800000| Untracked 
|  51|0x00000000a5900000, 0x00000000a5900000, 0x00000000a5a00000|  0%| F|  |TAMS 0x00000000a5900000| PB 0x00000000a5900000| Untracked 
|  52|0x00000000a5a00000, 0x00000000a5a00000, 0x00000000a5b00000|  0%| F|  |TAMS 0x00000000a5a00000| PB 0x00000000a5a00000| Untracked 
|  53|0x00000000a5b00000, 0x00000000a5b00000, 0x00000000a5c00000|  0%| F|  |TAMS 0x00000000a5b00000| PB 0x00000000a5b00000| Untracked 
|  54|0x00000000a5c00000, 0x00000000a5c00000, 0x00000000a5d00000|  0%| F|  |TAMS 0x00000000a5c00000| PB 0x00000000a5c00000| Untracked 
|  55|0x00000000a5d00000, 0x00000000a5d00000, 0x00000000a5e00000|  0%| F|  |TAMS 0x00000000a5d00000| PB 0x00000000a5d00000| Untracked 
|  56|0x00000000a5e00000, 0x00000000a5e00000, 0x00000000a5f00000|  0%| F|  |TAMS 0x00000000a5e00000| PB 0x00000000a5e00000| Untracked 
|  57|0x00000000a5f00000, 0x00000000a5f00000, 0x00000000a6000000|  0%| F|  |TAMS 0x00000000a5f00000| PB 0x00000000a5f00000| Untracked 
|  58|0x00000000a6000000, 0x00000000a6000000, 0x00000000a6100000|  0%| F|  |TAMS 0x00000000a6000000| PB 0x00000000a6000000| Untracked 
|  59|0x00000000a6100000, 0x00000000a6100000, 0x00000000a6200000|  0%| F|  |TAMS 0x00000000a6100000| PB 0x00000000a6100000| Untracked 
|  60|0x00000000a6200000, 0x00000000a6200000, 0x00000000a6300000|  0%| F|  |TAMS 0x00000000a6200000| PB 0x00000000a6200000| Untracked 
|  61|0x00000000a6300000, 0x00000000a6300000, 0x00000000a6400000|  0%| F|  |TAMS 0x00000000a6300000| PB 0x00000000a6300000| Untracked 
|  62|0x00000000a6400000, 0x00000000a6400000, 0x00000000a6500000|  0%| F|  |TAMS 0x00000000a6400000| PB 0x00000000a6400000| Untracked 
|  63|0x00000000a6500000, 0x00000000a6500000, 0x00000000a6600000|  0%| F|  |TAMS 0x00000000a6500000| PB 0x00000000a6500000| Untracked 
|  64|0x00000000a6600000, 0x00000000a6600000, 0x00000000a6700000|  0%| F|  |TAMS 0x00000000a6600000| PB 0x00000000a6600000| Untracked 
|  65|0x00000000a6700000, 0x00000000a6700000, 0x00000000a6800000|  0%| F|  |TAMS 0x00000000a6700000| PB 0x00000000a6700000| Untracked 
|  66|0x00000000a6800000, 0x00000000a6800000, 0x00000000a6900000|  0%| F|  |TAMS 0x00000000a6800000| PB 0x00000000a6800000| Untracked 
|  67|0x00000000a6900000, 0x00000000a6900000, 0x00000000a6a00000|  0%| F|  |TAMS 0x00000000a6900000| PB 0x00000000a6900000| Untracked 
|  68|0x00000000a6a00000, 0x00000000a6a00000, 0x00000000a6b00000|  0%| F|  |TAMS 0x00000000a6a00000| PB 0x00000000a6a00000| Untracked 
|  69|0x00000000a6b00000, 0x00000000a6b00000, 0x00000000a6c00000|  0%| F|  |TAMS 0x00000000a6b00000| PB 0x00000000a6b00000| Untracked 
|  70|0x00000000a6c00000, 0x00000000a6c00000, 0x00000000a6d00000|  0%| F|  |TAMS 0x00000000a6c00000| PB 0x00000000a6c00000| Untracked 
|  71|0x00000000a6d00000, 0x00000000a6d00000, 0x00000000a6e00000|  0%| F|  |TAMS 0x00000000a6d00000| PB 0x00000000a6d00000| Untracked 
|  72|0x00000000a6e00000, 0x00000000a6e23f10, 0x00000000a6f00000| 14%| E|  |TAMS 0x00000000a6e00000| PB 0x00000000a6e00000| Complete 
|  73|0x00000000a6f00000, 0x00000000a7000000, 0x00000000a7000000|100%| E|  |TAMS 0x00000000a6f00000| PB 0x00000000a6f00000| Complete 
|  74|0x00000000a7000000, 0x00000000a7100000, 0x00000000a7100000|100%| E|CS|TAMS 0x00000000a7000000| PB 0x00000000a7000000| Complete 
|  75|0x00000000a7100000, 0x00000000a7200000, 0x00000000a7200000|100%| E|CS|TAMS 0x00000000a7100000| PB 0x00000000a7100000| Complete 
|  76|0x00000000a7200000, 0x00000000a7300000, 0x00000000a7300000|100%| E|CS|TAMS 0x00000000a7200000| PB 0x00000000a7200000| Complete 
|  77|0x00000000a7300000, 0x00000000a7400000, 0x00000000a7400000|100%| E|CS|TAMS 0x00000000a7300000| PB 0x00000000a7300000| Complete 
|  78|0x00000000a7400000, 0x00000000a7500000, 0x00000000a7500000|100%| E|CS|TAMS 0x00000000a7400000| PB 0x00000000a7400000| Complete 
|  79|0x00000000a7500000, 0x00000000a7600000, 0x00000000a7600000|100%| E|CS|TAMS 0x00000000a7500000| PB 0x00000000a7500000| Complete 
|  80|0x00000000a7600000, 0x00000000a7700000, 0x00000000a7700000|100%| E|CS|TAMS 0x00000000a7600000| PB 0x00000000a7600000| Complete 
|  81|0x00000000a7700000, 0x00000000a7800000, 0x00000000a7800000|100%| E|CS|TAMS 0x00000000a7700000| PB 0x00000000a7700000| Complete 
|  82|0x00000000a7800000, 0x00000000a7900000, 0x00000000a7900000|100%| E|CS|TAMS 0x00000000a7800000| PB 0x00000000a7800000| Complete 
|  83|0x00000000a7900000, 0x00000000a7a00000, 0x00000000a7a00000|100%| E|CS|TAMS 0x00000000a7900000| PB 0x00000000a7900000| Complete 
|  84|0x00000000a7a00000, 0x00000000a7b00000, 0x00000000a7b00000|100%| E|CS|TAMS 0x00000000a7a00000| PB 0x00000000a7a00000| Complete 
|  85|0x00000000a7b00000, 0x00000000a7c00000, 0x00000000a7c00000|100%| E|CS|TAMS 0x00000000a7b00000| PB 0x00000000a7b00000| Complete 
|  86|0x00000000a7c00000, 0x00000000a7d00000, 0x00000000a7d00000|100%| E|CS|TAMS 0x00000000a7c00000| PB 0x00000000a7c00000| Complete 
|  87|0x00000000a7d00000, 0x00000000a7e00000, 0x00000000a7e00000|100%| E|CS|TAMS 0x00000000a7d00000| PB 0x00000000a7d00000| Complete 
|  88|0x00000000a7e00000, 0x00000000a7f00000, 0x00000000a7f00000|100%| E|CS|TAMS 0x00000000a7e00000| PB 0x00000000a7e00000| Complete 
|  89|0x00000000a7f00000, 0x00000000a8000000, 0x00000000a8000000|100%| E|CS|TAMS 0x00000000a7f00000| PB 0x00000000a7f00000| Complete 
|  90|0x00000000a8000000, 0x00000000a8100000, 0x00000000a8100000|100%| E|CS|TAMS 0x00000000a8000000| PB 0x00000000a8000000| Complete 
|  91|0x00000000a8100000, 0x00000000a8200000, 0x00000000a8200000|100%| E|CS|TAMS 0x00000000a8100000| PB 0x00000000a8100000| Complete 
|  92|0x00000000a8200000, 0x00000000a8300000, 0x00000000a8300000|100%| E|CS|TAMS 0x00000000a8200000| PB 0x00000000a8200000| Complete 
|  93|0x00000000a8300000, 0x00000000a8400000, 0x00000000a8400000|100%| E|CS|TAMS 0x00000000a8300000| PB 0x00000000a8300000| Complete 

Card table byte_map: [0x0000017de4120000,0x0000017de4410000] _byte_map_base: 0x0000017de3c0d000

Marking Bits: (CMBitMap*) 0x0000017dd17c6930
 Bits: [0x0000017de4410000, 0x0000017de5b78000)

Polling page: 0x0000017dcf570000

Metaspace:

Usage:
  Non-class:      7.67 MB used.
      Class:    795.69 KB used.
       Both:      8.45 MB used.

Virtual space:
  Non-class space:       64.00 MB reserved,       7.81 MB ( 12%) committed,  1 nodes.
      Class space:        1.00 GB reserved,     896.00 KB ( <1%) committed,  1 nodes.
             Both:        1.06 GB reserved,       8.69 MB ( <1%) committed. 

Chunk freelists:
   Non-Class:  8.25 MB
       Class:  15.19 MB
        Both:  23.43 MB

MaxMetaspaceSize: unlimited
CompressedClassSpaceSize: 1.00 GB
Initial GC threshold: 21.00 MB
Current GC threshold: 21.00 MB
CDS: off
 - commit_granule_bytes: 65536.
 - commit_granule_words: 8192.
 - virtual_space_node_default_size: 8388608.
 - enlarge_chunks_in_place: 1.
 - use_allocation_guard: 0.


Internal statistics:

num_allocs_failed_limit: 0.
num_arena_births: 22.
num_arena_deaths: 0.
num_vsnodes_births: 2.
num_vsnodes_deaths: 0.
num_space_committed: 139.
num_space_uncommitted: 0.
num_chunks_returned_to_freelist: 0.
num_chunks_taken_from_freelist: 62.
num_chunk_merges: 0.
num_chunk_splits: 35.
num_chunks_enlarged: 26.
num_inconsistent_stats: 0.

CodeHeap 'non-profiled nmethods': size=120000Kb used=214Kb max_used=214Kb free=119785Kb
 bounds [0x0000017ddc3a0000, 0x0000017ddc610000, 0x0000017de38d0000]
CodeHeap 'profiled nmethods': size=120000Kb used=989Kb max_used=989Kb free=119010Kb
 bounds [0x0000017dd48d0000, 0x0000017dd4b40000, 0x0000017ddbe00000]
CodeHeap 'non-nmethods': size=5760Kb used=1299Kb max_used=1317Kb free=4460Kb
 bounds [0x0000017ddbe00000, 0x0000017ddc070000, 0x0000017ddc3a0000]
CodeCache: size=245760Kb, used=2502Kb, max_used=2520Kb, free=243255Kb
 total_blobs=1039, nmethods=609, adapters=335, full_count=0
Compilation: enabled, stopped_count=0, restarted_count=0

Compilation events (20 events):
Event: 1.741 Thread 0x0000017de89d69a0  590       3       java.net.URI$Parser::scan (76 bytes)
Event: 1.742 Thread 0x0000017de89d69a0 nmethod 590 0x0000017dd49b2090 code [0x0000017dd49b22c0, 0x0000017dd49b2b30]
Event: 1.742 Thread 0x0000017de89d69a0  591       1       java.net.URL::getPath (5 bytes)
Event: 1.742 Thread 0x0000017de89d69a0 nmethod 591 0x0000017ddc3d3b90 code [0x0000017ddc3d3d20, 0x0000017ddc3d3de8]
Event: 1.742 Thread 0x0000017de89d69a0  592       1       java.net.URL::getRef (5 bytes)
Event: 1.742 Thread 0x0000017de89d69a0 nmethod 592 0x0000017ddc3d3e90 code [0x0000017ddc3d4020, 0x0000017ddc3d40e8]
Event: 1.742 Thread 0x0000017de89d69a0  593       1       java.net.URL::getAuthority (5 bytes)
Event: 1.742 Thread 0x0000017de89d69a0 nmethod 593 0x0000017ddc3d4190 code [0x0000017ddc3d4320, 0x0000017ddc3d43e8]
Event: 1.742 Thread 0x0000017de89d69a0  594       1       java.net.URL::getQuery (5 bytes)
Event: 1.743 Thread 0x0000017de89d69a0 nmethod 594 0x0000017ddc3d4490 code [0x0000017ddc3d4620, 0x0000017ddc3d46e8]
Event: 1.743 Thread 0x0000017de89d69a0  595       1       java.net.URL::getPort (5 bytes)
Event: 1.743 Thread 0x0000017de89d69a0 nmethod 595 0x0000017ddc3d4790 code [0x0000017ddc3d4920, 0x0000017ddc3d49e8]
Event: 1.744 Thread 0x0000017de89d69a0  597       3       java.net.URI$Parser::at (23 bytes)
Event: 1.745 Thread 0x0000017de89d69a0 nmethod 597 0x0000017dd49b2f90 code [0x0000017dd49b31a0, 0x0000017dd49b37a8]
Event: 1.745 Thread 0x0000017de89d69a0  599       3       java.lang.Character::getType (9 bytes)
Event: 1.746 Thread 0x0000017de89d69a0 nmethod 599 0x0000017dd49b3a90 code [0x0000017dd49b3c40, 0x0000017dd49b3e30]
Event: 1.746 Thread 0x0000017de89d69a0  598       1       java.net.URI::getScheme (5 bytes)
Event: 1.746 Thread 0x0000017de89d69a0 nmethod 598 0x0000017ddc3d4a90 code [0x0000017ddc3d4c20, 0x0000017ddc3d4ce8]
Event: 1.747 Thread 0x0000017de89d69a0  600       3       java.net.URI$Parser::checkChars (44 bytes)
Event: 1.748 Thread 0x0000017de89d69a0 nmethod 600 0x0000017dd49b3f10 code [0x0000017dd49b4140, 0x0000017dd49b4718]

GC Heap History (0 events):
No events

Dll operation events (3 events):
Event: 0.016 Loaded shared library C:\Program Files\Android\Android Studio\jbr\bin\java.dll
Event: 0.028 Loaded shared library C:\Program Files\Android\Android Studio\jbr\bin\zip.dll
Event: 0.491 Loaded shared library C:\Program Files\Android\Android Studio\jbr\bin\verify.dll

Deoptimization events (20 events):
Event: 0.827 Thread 0x0000017dcf2c9a30 DEOPT PACKING pc=0x0000017dd48e7dcc sp=0x000000144effe850
Event: 0.827 Thread 0x0000017dcf2c9a30 DEOPT UNPACKING pc=0x0000017ddbe54e42 sp=0x000000144effdc70 mode 0
Event: 0.980 Thread 0x0000017dcf2c9a30 DEOPT PACKING pc=0x0000017dd49035f9 sp=0x000000144effe780
Event: 0.980 Thread 0x0000017dcf2c9a30 DEOPT UNPACKING pc=0x0000017ddbe54e42 sp=0x000000144effdbf0 mode 0
Event: 1.123 Thread 0x0000017dcf2c9a30 DEOPT PACKING pc=0x0000017dd491abc3 sp=0x000000144effe780
Event: 1.123 Thread 0x0000017dcf2c9a30 DEOPT UNPACKING pc=0x0000017ddbe54e42 sp=0x000000144effdbf8 mode 0
Event: 1.318 Thread 0x0000017dcf2c9a30 DEOPT PACKING pc=0x0000017dd493023a sp=0x000000144effe730
Event: 1.318 Thread 0x0000017dcf2c9a30 DEOPT UNPACKING pc=0x0000017ddbe54e42 sp=0x000000144effdbf0 mode 0
Event: 1.617 Thread 0x0000017dcf2c9a30 DEOPT PACKING pc=0x0000017dd4904a5e sp=0x000000144effe7b0
Event: 1.617 Thread 0x0000017dcf2c9a30 DEOPT UNPACKING pc=0x0000017ddbe54e42 sp=0x000000144effdcc0 mode 0
Event: 1.617 Thread 0x0000017dcf2c9a30 DEOPT PACKING pc=0x0000017dd4961099 sp=0x000000144effe7c0
Event: 1.617 Thread 0x0000017dcf2c9a30 DEOPT UNPACKING pc=0x0000017ddbe54e42 sp=0x000000144effdcb8 mode 0
Event: 1.725 Thread 0x0000017dcf2c9a30 Uncommon trap: trap_request=0xffffff45 fr.pc=0x0000017ddc3d2f6c relative=0x000000000000074c
Event: 1.725 Thread 0x0000017dcf2c9a30 Uncommon trap: reason=unstable_if action=reinterpret pc=0x0000017ddc3d2f6c method=java.util.HashMap.putVal(ILjava/lang/Object;Ljava/lang/Object;ZZ)Ljava/lang/Object; @ 81 c2
Event: 1.725 Thread 0x0000017dcf2c9a30 DEOPT PACKING pc=0x0000017ddc3d2f6c sp=0x000000144effec90
Event: 1.725 Thread 0x0000017dcf2c9a30 DEOPT UNPACKING pc=0x0000017ddbe546a2 sp=0x000000144effeba0 mode 2
Event: 1.726 Thread 0x0000017dcf2c9a30 Uncommon trap: trap_request=0xffffff45 fr.pc=0x0000017ddc3d2040 relative=0x00000000000007a0
Event: 1.726 Thread 0x0000017dcf2c9a30 Uncommon trap: reason=unstable_if action=reinterpret pc=0x0000017ddc3d2040 method=java.util.HashMap.putVal(ILjava/lang/Object;Ljava/lang/Object;ZZ)Ljava/lang/Object; @ 81 c2
Event: 1.726 Thread 0x0000017dcf2c9a30 DEOPT PACKING pc=0x0000017ddc3d2040 sp=0x000000144effebe0
Event: 1.726 Thread 0x0000017dcf2c9a30 DEOPT UNPACKING pc=0x0000017ddbe546a2 sp=0x000000144effeb90 mode 2

Classes loaded (20 events):
Event: 1.143 Loading class java/util/Collections$UnmodifiableCollection done
Event: 1.143 Loading class java/util/Collections$UnmodifiableList done
Event: 1.143 Loading class java/util/Collections$UnmodifiableRandomAccessList
Event: 1.143 Loading class java/util/Collections$UnmodifiableRandomAccessList done
Event: 1.148 Loading class java/lang/IndexOutOfBoundsException
Event: 1.149 Loading class java/lang/IndexOutOfBoundsException done
Event: 1.155 Loading class java/util/AbstractList$Itr
Event: 1.155 Loading class java/util/AbstractList$Itr done
Event: 1.158 Loading class java/util/zip/ZipException
Event: 1.158 Loading class java/util/zip/ZipException done
Event: 1.162 Loading class java/util/ArrayList$SubList
Event: 1.162 Loading class java/util/ArrayList$SubList done
Event: 1.185 Loading class java/util/Collections$UnmodifiableCollection$1
Event: 1.185 Loading class java/util/Collections$UnmodifiableCollection$1 done
Event: 1.189 Loading class java/util/Collections$SingletonSet
Event: 1.189 Loading class java/util/Collections$SingletonSet done
Event: 1.189 Loading class java/util/Collections$1
Event: 1.190 Loading class java/util/Collections$1 done
Event: 1.199 Loading class java/lang/invoke/DirectMethodHandle$Special
Event: 1.199 Loading class java/lang/invoke/DirectMethodHandle$Special done

Classes unloaded (0 events):
No events

Classes redefined (0 events):
No events

Internal exceptions (2 events):
Event: 0.776 Thread 0x0000017dcf2c9a30 Exception <a 'java/lang/NoSuchMethodError'{0x00000000a8067690}: 'void java.lang.invoke.DirectMethodHandle$Holder.invokeSpecial(java.lang.Object, java.lang.Object, java.lang.Object)'> (0x00000000a8067690) 
thrown [s\src\hotspot\share\interpreter\linkResolver.cpp, line 784]
Event: 1.196 Thread 0x0000017dcf2c9a30 Exception <a 'java/lang/NoSuchMethodError'{0x00000000a7f9fbf0}: 'int java.lang.invoke.DirectMethodHandle$Holder.invokeSpecial(java.lang.Object, java.lang.Object, java.lang.Object, java.lang.Object)'> (0x00000000a7f9fbf0) 
thrown [s\src\hotspot\share\interpreter\linkResolver.cpp, line 784]

ZGC Phase Switch (0 events):
No events

VM Operations (4 events):
Event: 0.479 Executing VM operation: HandshakeAllThreads (Deoptimize)
Event: 0.480 Executing VM operation: HandshakeAllThreads (Deoptimize) done
Event: 1.494 Executing VM operation: Cleanup
Event: 1.494 Executing VM operation: Cleanup done

Memory protections (0 events):
No events

Nmethod flushes (0 events):
No events

Events (15 events):
Event: 0.024 Thread 0x0000017dcf2c9a30 Thread added: 0x0000017dcf2c9a30
Event: 0.283 Thread 0x0000017dcf2c9a30 Thread added: 0x0000017de8996190
Event: 0.300 Thread 0x0000017dcf2c9a30 Thread added: 0x0000017de899bef0
Event: 0.300 Thread 0x0000017dcf2c9a30 Thread added: 0x0000017de899c950
Event: 0.304 Thread 0x0000017dcf2c9a30 Thread added: 0x0000017de89c0800
Event: 0.304 Thread 0x0000017dcf2c9a30 Thread added: 0x0000017de89c1260
Event: 0.304 Thread 0x0000017dcf2c9a30 Thread added: 0x0000017de89c1cc0
Event: 0.304 Thread 0x0000017dcf2c9a30 Thread added: 0x0000017de89ce460
Event: 0.305 Thread 0x0000017dcf2c9a30 Thread added: 0x0000017de89d5f00
Event: 0.305 Thread 0x0000017dcf2c9a30 Thread added: 0x0000017de89d69a0
Event: 0.387 Thread 0x0000017dcf2c9a30 Thread added: 0x0000017de8b689a0
Event: 0.431 Loaded shared library C:\Program Files\Android\Android Studio\jbr\bin\net.dll
Event: 0.442 Loaded shared library C:\Program Files\Android\Android Studio\jbr\bin\nio.dll
Event: 0.472 Loaded shared library C:\Program Files\Android\Android Studio\jbr\bin\zip.dll
Event: 0.612 Loaded shared library C:\Program Files\Android\Android Studio\jbr\bin\jimage.dll


Dynamic libraries:
0x00007ff7118e0000 - 0x00007ff7118ea000 	C:\Program Files\Android\Android Studio\jbr\bin\java.exe
0x00007ffaa0550000 - 0x00007ffaa0768000 	C:\Windows\SYSTEM32\ntdll.dll
0x00007ffa9e480000 - 0x00007ffa9e544000 	C:\Windows\System32\KERNEL32.DLL
0x00007ffa9da00000 - 0x00007ffa9ddd3000 	C:\Windows\System32\KERNELBASE.dll
0x00007ffa9e000000 - 0x00007ffa9e111000 	C:\Windows\System32\ucrtbase.dll
0x00007ffa79f60000 - 0x00007ffa79f7b000 	C:\Program Files\Android\Android Studio\jbr\bin\VCRUNTIME140.dll
0x00007ffa6fec0000 - 0x00007ffa6fed8000 	C:\Program Files\Android\Android Studio\jbr\bin\jli.dll
0x00007ffa9f460000 - 0x00007ffa9f612000 	C:\Windows\System32\USER32.dll
0x00007ffa9e120000 - 0x00007ffa9e146000 	C:\Windows\System32\win32u.dll
0x00007ffa9e920000 - 0x00007ffa9e949000 	C:\Windows\System32\GDI32.dll
0x00007ffa8bec0000 - 0x00007ffa8c15c000 	C:\Windows\WinSxS\amd64_microsoft.windows.common-controls_6595b64144ccf1df_6.0.22621.6060_none_2712eda17382d24b\COMCTL32.dll
0x00007ffa9d8e0000 - 0x00007ffa9d9fb000 	C:\Windows\System32\gdi32full.dll
0x00007ffa9ef80000 - 0x00007ffa9f027000 	C:\Windows\System32\msvcrt.dll
0x00007ffa9e150000 - 0x00007ffa9e1ea000 	C:\Windows\System32\msvcp_win.dll
0x00007ffa9e6d0000 - 0x00007ffa9e701000 	C:\Windows\System32\IMM32.DLL
0x00007ffa97550000 - 0x00007ffa9755c000 	C:\Program Files\Android\Android Studio\jbr\bin\vcruntime140_1.dll
0x00007ffa51740000 - 0x00007ffa517cd000 	C:\Program Files\Android\Android Studio\jbr\bin\msvcp140.dll
0x00007ffa11c50000 - 0x00007ffa128e6000 	C:\Program Files\Android\Android Studio\jbr\bin\server\jvm.dll
0x00007ffa9e5c0000 - 0x00007ffa9e671000 	C:\Windows\System32\ADVAPI32.dll
0x00007ffa9e870000 - 0x00007ffa9e918000 	C:\Windows\System32\sechost.dll
0x00007ffa9df50000 - 0x00007ffa9df78000 	C:\Windows\System32\bcrypt.dll
0x00007ffa9fed0000 - 0x00007ffa9ffe8000 	C:\Windows\System32\RPCRT4.dll
0x00007ffa9ef00000 - 0x00007ffa9ef71000 	C:\Windows\System32\WS2_32.dll
0x00007ffa96d30000 - 0x00007ffa96d64000 	C:\Windows\SYSTEM32\WINMM.dll
0x00007ffa93bf0000 - 0x00007ffa93bfa000 	C:\Windows\SYSTEM32\VERSION.dll
0x00007ffa9d530000 - 0x00007ffa9d57d000 	C:\Windows\SYSTEM32\POWRPROF.dll
0x00007ffa9d510000 - 0x00007ffa9d523000 	C:\Windows\SYSTEM32\UMPDC.dll
0x00007ffa9c610000 - 0x00007ffa9c628000 	C:\Windows\SYSTEM32\kernel.appcore.dll
0x00007ffa974f0000 - 0x00007ffa974fa000 	C:\Program Files\Android\Android Studio\jbr\bin\jimage.dll
0x00007ffa9b110000 - 0x00007ffa9b343000 	C:\Windows\SYSTEM32\DBGHELP.DLL
0x00007ffa9fff0000 - 0x00007ffaa0381000 	C:\Windows\System32\combase.dll
0x00007ffa9f360000 - 0x00007ffa9f438000 	C:\Windows\System32\OLEAUT32.dll
0x00007ffa7e630000 - 0x00007ffa7e662000 	C:\Windows\SYSTEM32\dbgcore.DLL
0x00007ffa9d720000 - 0x00007ffa9d79b000 	C:\Windows\System32\bcryptPrimitives.dll
0x00007ffa6e7b0000 - 0x00007ffa6e7d0000 	C:\Program Files\Android\Android Studio\jbr\bin\java.dll
0x00007ffa6e750000 - 0x00007ffa6e768000 	C:\Program Files\Android\Android Studio\jbr\bin\zip.dll
0x00007ffa9f630000 - 0x00007ffa9fecc000 	C:\Windows\System32\SHELL32.dll
0x00007ffa9d7a0000 - 0x00007ffa9d8df000 	C:\Windows\System32\wintypes.dll
0x00007ffa9b510000 - 0x00007ffa9be2a000 	C:\Windows\SYSTEM32\windows.storage.dll
0x00007ffa9f250000 - 0x00007ffa9f354000 	C:\Windows\System32\SHCORE.dll
0x00007ffa9e550000 - 0x00007ffa9e5b9000 	C:\Windows\System32\shlwapi.dll
0x00007ffa9d590000 - 0x00007ffa9d5b5000 	C:\Windows\SYSTEM32\profapi.dll
0x00007ffa97470000 - 0x00007ffa97480000 	C:\Program Files\Android\Android Studio\jbr\bin\net.dll
0x00007ffa987f0000 - 0x00007ffa9891c000 	C:\Windows\SYSTEM32\WINHTTP.dll
0x00007ffa9cb20000 - 0x00007ffa9cb89000 	C:\Windows\system32\mswsock.dll
0x00007ffa6daf0000 - 0x00007ffa6db06000 	C:\Program Files\Android\Android Studio\jbr\bin\nio.dll
0x00007ffa8c1b0000 - 0x00007ffa8c1c0000 	C:\Program Files\Android\Android Studio\jbr\bin\verify.dll

JVMTI agents: none

dbghelp: loaded successfully - version: 4.0.5 - missing functions: none
symbol engine: initialized successfully - sym options: 0x614 - pdb path: .;C:\Program Files\Android\Android Studio\jbr\bin;C:\Windows\SYSTEM32;C:\Windows\WinSxS\amd64_microsoft.windows.common-controls_6595b64144ccf1df_6.0.22621.6060_none_2712eda17382d24b;C:\Program Files\Android\Android Studio\jbr\bin\server

VM Arguments:
jvm_args: -Dorg.gradle.appname=gradlew 
java_command: org.gradle.wrapper.GradleWrapperMain -q -Ptarget-platform=android-arm64 -Ptarget=C:\Users\belat\Documents\SAE\otakugo\lib\main.dart -Pbase-application-name=android.app.Application -Pdart-defines=RkxVVFRFUl9WRVJTSU9OPTMuMzUuNg==,RkxVVFRFUl9DSEFOTkVMPXN0YWJsZQ==,RkxVVFRFUl9HSVRfVVJMPWh0dHBzOi8vZ2l0aHViLmNvbS9mbHV0dGVyL2ZsdXR0ZXIuZ2l0,RkxVVFRFUl9GUkFNRVdPUktfUkVWSVNJT049OWY0NTVkMjQ4Ng==,RkxVVFRFUl9FTkdJTkVfUkVWSVNJT049ZDI5MTM2MzJhNA==,RkxVVFRFUl9EQVJUX1ZFUlNJT049My45LjI= -Pdart-obfuscation=false -Ptrack-widget-creation=true -Ptree-shake-icons=false -Pfilesystem-scheme=org-dartlang-root assembleDebug
java_class_path (initial): C:\Users\belat\Documents\SAE\otakugo\android\\gradle\wrapper\gradle-wrapper.jar
Launcher Type: SUN_STANDARD

[Global flags]
     intx CICompilerCount                          = 4                                         {product} {ergonomic}
     uint ConcGCThreads                            = 3                                         {product} {ergonomic}
     uint G1ConcRefinementThreads                  = 10                                        {product} {ergonomic}
   size_t G1HeapRegionSize                         = 1048576                                   {product} {ergonomic}
    uintx GCDrainStackTargetSize                   = 64                                        {product} {ergonomic}
   size_t InitialHeapSize                          = 98566144                                  {product} {ergonomic}
   size_t MarkStackSize                            = 4194304                                   {product} {ergonomic}
   size_t MaxHeapSize                              = 1570766848                                {product} {ergonomic}
   size_t MaxNewSize                               = 941621248                                 {product} {ergonomic}
   size_t MinHeapDeltaBytes                        = 1048576                                   {product} {ergonomic}
   size_t MinHeapSize                              = 8388608                                   {product} {ergonomic}
    uintx NonNMethodCodeHeapSize                   = 5839372                                {pd product} {ergonomic}
    uintx NonProfiledCodeHeapSize                  = 122909434                              {pd product} {ergonomic}
    uintx ProfiledCodeHeapSize                     = 122909434                              {pd product} {ergonomic}
    uintx ReservedCodeCacheSize                    = 251658240                              {pd product} {ergonomic}
     bool SegmentedCodeCache                       = true                                      {product} {ergonomic}
   size_t SoftMaxHeapSize                          = 1570766848                             {manageable} {ergonomic}
     bool UseCompressedOops                        = true                           {product lp64_product} {ergonomic}
     bool UseG1GC                                  = true                                      {product} {ergonomic}
     bool UseLargePagesIndividualAllocation        = false                                  {pd product} {ergonomic}

Logging:
Log output configuration:
 #0: stdout all=warning uptime,level,tags foldmultilines=false
 #1: stderr all=off uptime,level,tags foldmultilines=false

Environment Variables:
JAVA_HOME=C:\Program Files\Android\Android Studio\jbr
CLASSPATH=C:\Users\belat\Documents\SAE\otakugo\android\\gradle\wrapper\gradle-wrapper.jar
PATH=C:\Program Files\Android\Android Studio\jbr\bin;C:\Program Files\Common Files\Oracle\Java\javapath;c:\Users\belat\AppData\Local\Programs\cursor\resources\app\bin;C:\Windows\system32;C:\Windows;C:\Windows\System32\Wbem;C:\Windows\System32\WindowsPowerShell\v1.0\;C:\Windows\System32\OpenSSH\;C:\Users\belat\AppData\Local\Microsoft\WindowsApps;C:\Program Files\Python312;c:\Users\belat\AppData\Local\Programs\cursor\resources\app\bin;C:\Program Files\Git\cmd;C:\ProgramData\chocolatey\bin;C:\Program Files\nodejs\;C:\ProgramData\ComposerSetup\bin;C:\Program Files\Docker\Docker\resources\bin;C:\Users\belat\AppData\Local\Microsoft\WindowsApps;C:\Program Files\Python312;C:\Users\belat\AppData\Local\Programs\Microsoft VS Code\bin;C:\Program Files\PHP;C:\Users\belat\AppData\Roaming\Composer\vendor\bin;C:\Users\belat\AppData\Roaming\npm;C:\Users\belat\AppData\Local\Programs\cursor\resources\app\bin;C:\Users\belat\Desktop\archive\SAEEE\flutter\bin;C:\Users\belat\Desktop\bdd\cockroach;C:\Users\belat\AppData\Local\Programs\Antigravity\bin;C:\Users\belat\Desktop\archive\SAEEE\flutter\bin\mingit\cmd
USERNAME=belat
LANG=en_US.UTF-8
OS=Windows_NT
PROCESSOR_IDENTIFIER=AMD64 Family 23 Model 104 Stepping 1, AuthenticAMD
TMP=C:\Users\belat\AppData\Local\Temp
TEMP=C:\Users\belat\AppData\Local\Temp




Periodic native trim disabled

JNI global refs:
JNI global refs: 8, weak refs: 0

JNI global refs memory usage: 835, weak refs: 833

Process memory usage:
Resident Set Size: 64832K (1% of 6133188K total physical memory with 70508K free physical memory)

OOME stack traces (most recent first):
Classloader memory used:
Loader bootstrap                                                                       : 8279K
Loader java.net.URLClassLoader                                                         : 230K
Loader jdk.internal.loader.ClassLoaders$AppClassLoader                                 : 147K
Loader org.gradle.internal.classloader.VisitableURLClassLoader                         : 1552B

---------------  S Y S T E M  ---------------

OS:
 Windows 11 , 64 bit Build 22621 (10.0.22621.5415)
OS uptime: 10 days 21:25 hours
Hyper-V role detected

CPU: total 12 (initial active 12) (12 cores per cpu, 2 threads per core) family 23 model 104 stepping 1 microcode 0x0, cx8, cmov, fxsr, ht, mmx, 3dnowpref, sse, sse2, sse3, ssse3, sse4a, sse4.1, sse4.2, popcnt, lzcnt, tsc, tscinvbit, avx, avx2, aes, clmul, bmi1, bmi2, adx, sha, fma, vzeroupper, clflush, clflushopt, hv, rdtscp, rdpid, f16c
Processor Information for processor 0
  Max Mhz: 2100, Current Mhz: 2100, Mhz Limit: 2100
Processor Information for processor 1
  Max Mhz: 2100, Current Mhz: 2100, Mhz Limit: 2100
Processor Information for processor 2
  Max Mhz: 2100, Current Mhz: 2100, Mhz Limit: 2100
Processor Information for processor 3
  Max Mhz: 2100, Current Mhz: 2100, Mhz Limit: 2100
Processor Information for processor 4
  Max Mhz: 2100, Current Mhz: 2100, Mhz Limit: 2100
Processor Information for processor 5
  Max Mhz: 2100, Current Mhz: 2100, Mhz Limit: 2100
Processor Information for processor 6
  Max Mhz: 2100, Current Mhz: 2100, Mhz Limit: 2100
Processor Information for processor 7
  Max Mhz: 2100, Current Mhz: 2100, Mhz Limit: 2100
Processor Information for processor 8
  Max Mhz: 2100, Current Mhz: 2100, Mhz Limit: 2100
Processor Information for processor 9
  Max Mhz: 2100, Current Mhz: 2100, Mhz Limit: 2100
Processor Information for processor 10
  Max Mhz: 2100, Current Mhz: 2100, Mhz Limit: 2100
Processor Information for processor 11
  Max Mhz: 2100, Current Mhz: 1988, Mhz Limit: 2100

Memory: 4k page, system-wide physical 5989M (67M free)
TotalPageFile size 24421M (AvailPageFile size 0M)
current process WorkingSet (physical memory assigned to process): 63M, peak: 63M
current process commit charge ("private bytes"): 180M, peak: 181M

vm_info: OpenJDK 64-Bit Server VM (21.0.8+-14018985-b1038.68) for windows-amd64 JRE (21.0.8+-14018985-b1038.68), built on 2025-08-29T19:56:34Z by "builder" with MS VC++ 16.10 / 16.11 (VS2019)

END.
