#
# There is insufficient memory for the Java Runtime Environment to continue.
# Native memory allocation (mmap) failed to map 98566144 bytes. Error detail: G1 virtual space
# Possible reasons:
#   The system is out of physical RAM or swap space
#   This process is running with CompressedOops enabled, and the Java Heap may be blocking the growth of the native heap
# Possible solutions:
#   Reduce memory load on the system
#   Increase physical memory or swap space
#   Check if swap backing store is full
#   Decrease Java heap size (-Xmx/-Xms)
#   Decrease number of Java threads
#   Decrease Java thread stack sizes (-Xss)
#   Set larger code cache with -XX:ReservedCodeCacheSize=
#   JVM is running with Unscaled Compressed Oops mode in which the Java heap is
#     placed in the first 4GB address space. The Java Heap base address is the
#     maximum limit for the native heap growth. Please use -XX:HeapBaseMinAddress
#     to set the Java Heap base and to place the Java Heap above 4GB virtual address.
# This output file may be truncated or incomplete.
#
#  Out of Memory Error (os_windows.cpp:3925), pid=2996, tid=1416
#
# JRE version:  (21.0.8) (build )
# Java VM: OpenJDK 64-Bit Server VM (21.0.8+-14018985-b1038.68, mixed mode, sharing, tiered, compressed oops, compressed class ptrs, g1 gc, windows-amd64)
# No core dump will be written. Minidumps are not enabled by default on client versions of Windows
#

---------------  S U M M A R Y ------------

Command Line: -Dorg.gradle.appname=gradlew org.gradle.wrapper.GradleWrapperMain -q -Ptarget-platform=android-x64 -Ptarget=C:\Users\belat\Documents\SAE\otakugo\lib\main.dart -Pbase-application-name=android.app.Application -Pdart-defines=RkxVVFRFUl9WRVJTSU9OPTMuMzUuNg==,RkxVVFRFUl9DSEFOTkVMPXN0YWJsZQ==,RkxVVFRFUl9HSVRfVVJMPWh0dHBzOi8vZ2l0aHViLmNvbS9mbHV0dGVyL2ZsdXR0ZXIuZ2l0,RkxVVFRFUl9GUkFNRVdPUktfUkVWSVNJT049OWY0NTVkMjQ4Ng==,RkxVVFRFUl9FTkdJTkVfUkVWSVNJT049ZDI5MTM2MzJhNA==,RkxVVFRFUl9EQVJUX1ZFUlNJT049My45LjI= -Pdart-obfuscation=false -Ptrack-widget-creation=true -Ptree-shake-icons=false -Pfilesystem-scheme=org-dartlang-root assembleDebug

Host: AMD Ryzen 5 5500U with Radeon Graphics         , 12 cores, 5G,  Windows 11 , 64 bit Build 22621 (10.0.22621.5415)
Time: Wed Dec 10 11:31:28 2025 Paris, Madrid elapsed time: 0.040727 seconds (0d 0h 0m 0s)

---------------  T H R E A D  ---------------

Current thread (0x0000018b28a1f760):  JavaThread "Unknown thread" [_thread_in_vm, id=1416, stack(0x00000035b5000000,0x00000035b5100000) (1024K)]

Stack: [0x00000035b5000000,0x00000035b5100000]
Native frames: (J=compiled Java code, j=interpreted, Vv=VM code, C=native code)
V  [jvm.dll+0x6d68d9]
V  [jvm.dll+0x866693]
V  [jvm.dll+0x868c4e]
V  [jvm.dll+0x869333]
V  [jvm.dll+0x280566]
V  [jvm.dll+0x6d3195]
V  [jvm.dll+0x6c69ea]
V  [jvm.dll+0x3586db]
V  [jvm.dll+0x360336]
V  [jvm.dll+0x3b23f6]
V  [jvm.dll+0x3b26c8]
V  [jvm.dll+0x32ae6c]
V  [jvm.dll+0x32bb5b]
V  [jvm.dll+0x82e109]
V  [jvm.dll+0x3bf5c8]
V  [jvm.dll+0x817388]
V  [jvm.dll+0x453b6e]
V  [jvm.dll+0x4552d1]
C  [jli.dll+0x52ab]
C  [ucrtbase.dll+0x29333]
C  [KERNEL32.DLL+0x1259d]
C  [ntdll.dll+0x5af78]


---------------  P R O C E S S  ---------------

Threads class SMR info:
_java_thread_list=0x00007ffa1279b988, length=0, elements={
}

Java Threads: ( => current thread )
Total: 0

Other Threads:
  0x0000018b28a64a80 WorkerThread "GC Thread#0"                     [id=25752, stack(0x00000035b5100000,0x00000035b5200000) (1024K)]
  0x0000018b28a72dd0 ConcurrentGCThread "G1 Main Marker"            [id=37884, stack(0x00000035b5200000,0x00000035b5300000) (1024K)]
  0x0000018b28a737e0 WorkerThread "G1 Conc#0"                       [id=19336, stack(0x00000035b5300000,0x00000035b5400000) (1024K)]

[error occurred during error reporting (printing all threads), id 0xc0000005, EXCEPTION_ACCESS_VIOLATION (0xc0000005) at pc=0x00007ffa11f8ddd7]
VM state: not at safepoint (not fully initialized)

VM Mutex/Monitor currently owned by a thread:  ([mutex/lock_event])
[0x00007ffa128086b8] Heap_lock - owner thread: 0x0000018b28a1f760

Heap address: 0x00000000a2600000, size: 1498 MB, Compressed Oops mode: 32-bit

CDS archive(s) mapped at: [0x0000000000000000-0x0000000000000000-0x0000000000000000), size 0, SharedBaseAddress: 0x0000000800000000, ArchiveRelocationMode: 1.
Narrow klass base: 0x0000000000000000, Narrow klass shift: 0, Narrow klass range: 0x0

GC Precious Log:
 CardTable entry size: 512
 Card Set container configuration: InlinePtr #cards 5 size 8 Array Of Cards #cards 12 size 40 Howl #buckets 4 coarsen threshold 1843 Howl Bitmap #cards 512 size 80 coarsen threshold 460 Card regions per heap region 1 cards per card region 2048

Heap:
 garbage-first heap   total 0K, used 0K [0x00000000a2600000, 0x0000000100000000)
  region size 1024K, 0 young (0K), 0 survivors (0K)
 Metaspace       used 0K, committed 0K, reserved 0K
  class space    used 0K, committed 0K, reserved 0K

Heap Regions: E=young(eden), S=young(survivor), O=old, HS=humongous(starts), HC=humongous(continues), CS=collection set, F=free, TAMS=top-at-mark-start, PB=parsable bottom

Card table byte_map: [0x0000018b3b3b0000,0x0000018b3b6a0000] _byte_map_base: 0x0000018b3ae9d000

Marking Bits: (CMBitMap*) 0x0000018b28a65090
 Bits: [0x0000018b3b6a0000, 0x0000018b3ce08000)

GC Heap History (0 events):
No events

Dll operation events (1 events):
Event: 0.027 Loaded shared library C:\Program Files\Android\Android Studio\jbr\bin\java.dll

Deoptimization events (0 events):
No events

Classes loaded (0 events):
No events

Classes unloaded (0 events):
No events

Classes redefined (0 events):
No events

Internal exceptions (0 events):
No events

ZGC Phase Switch (0 events):
No events

VM Operations (0 events):
No events

Memory protections (0 events):
No events

Nmethod flushes (0 events):
No events

Events (0 events):
No events


Dynamic libraries:
0x00007ff7118e0000 - 0x00007ff7118ea000 	C:\Program Files\Android\Android Studio\jbr\bin\java.exe
0x00007ffaa0550000 - 0x00007ffaa0768000 	C:\Windows\SYSTEM32\ntdll.dll
0x00007ffa9e480000 - 0x00007ffa9e544000 	C:\Windows\System32\KERNEL32.DLL
0x00007ffa9da00000 - 0x00007ffa9ddd3000 	C:\Windows\System32\KERNELBASE.dll
0x00007ffa9e000000 - 0x00007ffa9e111000 	C:\Windows\System32\ucrtbase.dll
0x00007ffa79f60000 - 0x00007ffa79f7b000 	C:\Program Files\Android\Android Studio\jbr\bin\VCRUNTIME140.dll
0x00007ffa6fec0000 - 0x00007ffa6fed8000 	C:\Program Files\Android\Android Studio\jbr\bin\jli.dll
0x00007ffa9f460000 - 0x00007ffa9f612000 	C:\Windows\System32\USER32.dll
0x00007ffa8bec0000 - 0x00007ffa8c15c000 	C:\Windows\WinSxS\amd64_microsoft.windows.common-controls_6595b64144ccf1df_6.0.22621.6060_none_2712eda17382d24b\COMCTL32.dll
0x00007ffa9e120000 - 0x00007ffa9e146000 	C:\Windows\System32\win32u.dll
0x00007ffa9ef80000 - 0x00007ffa9f027000 	C:\Windows\System32\msvcrt.dll
0x00007ffa9e920000 - 0x00007ffa9e949000 	C:\Windows\System32\GDI32.dll
0x00007ffa9d8e0000 - 0x00007ffa9d9fb000 	C:\Windows\System32\gdi32full.dll
0x00007ffa9e150000 - 0x00007ffa9e1ea000 	C:\Windows\System32\msvcp_win.dll
0x00007ffa9e6d0000 - 0x00007ffa9e701000 	C:\Windows\System32\IMM32.DLL
0x00007ffa97550000 - 0x00007ffa9755c000 	C:\Program Files\Android\Android Studio\jbr\bin\vcruntime140_1.dll
0x00007ffa51740000 - 0x00007ffa517cd000 	C:\Program Files\Android\Android Studio\jbr\bin\msvcp140.dll
0x00007ffa11c50000 - 0x00007ffa128e6000 	C:\Program Files\Android\Android Studio\jbr\bin\server\jvm.dll
0x00007ffa9e5c0000 - 0x00007ffa9e671000 	C:\Windows\System32\ADVAPI32.dll
0x00007ffa9e870000 - 0x00007ffa9e918000 	C:\Windows\System32\sechost.dll
0x00007ffa9df50000 - 0x00007ffa9df78000 	C:\Windows\System32\bcrypt.dll
0x00007ffa9fed0000 - 0x00007ffa9ffe8000 	C:\Windows\System32\RPCRT4.dll
0x00007ffa9ef00000 - 0x00007ffa9ef71000 	C:\Windows\System32\WS2_32.dll
0x00007ffa9d530000 - 0x00007ffa9d57d000 	C:\Windows\SYSTEM32\POWRPROF.dll
0x00007ffa96d30000 - 0x00007ffa96d64000 	C:\Windows\SYSTEM32\WINMM.dll
0x00007ffa93bf0000 - 0x00007ffa93bfa000 	C:\Windows\SYSTEM32\VERSION.dll
0x00007ffa9d510000 - 0x00007ffa9d523000 	C:\Windows\SYSTEM32\UMPDC.dll
0x00007ffa9c610000 - 0x00007ffa9c628000 	C:\Windows\SYSTEM32\kernel.appcore.dll
0x00007ffa974f0000 - 0x00007ffa974fa000 	C:\Program Files\Android\Android Studio\jbr\bin\jimage.dll
0x00007ffa9b110000 - 0x00007ffa9b343000 	C:\Windows\SYSTEM32\DBGHELP.DLL
0x00007ffa9fff0000 - 0x00007ffaa0381000 	C:\Windows\System32\combase.dll
0x00007ffa9f360000 - 0x00007ffa9f438000 	C:\Windows\System32\OLEAUT32.dll
0x00007ffa7e630000 - 0x00007ffa7e662000 	C:\Windows\SYSTEM32\dbgcore.DLL
0x00007ffa9d720000 - 0x00007ffa9d79b000 	C:\Windows\System32\bcryptPrimitives.dll
0x00007ffa6e7b0000 - 0x00007ffa6e7d0000 	C:\Program Files\Android\Android Studio\jbr\bin\java.dll

JVMTI agents: none

dbghelp: loaded successfully - version: 4.0.5 - missing functions: none
symbol engine: initialized successfully - sym options: 0x614 - pdb path: .;C:\Program Files\Android\Android Studio\jbr\bin;C:\Windows\SYSTEM32;C:\Windows\WinSxS\amd64_microsoft.windows.common-controls_6595b64144ccf1df_6.0.22621.6060_none_2712eda17382d24b;C:\Program Files\Android\Android Studio\jbr\bin\server

VM Arguments:
jvm_args: -Dorg.gradle.appname=gradlew 
java_command: org.gradle.wrapper.GradleWrapperMain -q -Ptarget-platform=android-x64 -Ptarget=C:\Users\belat\Documents\SAE\otakugo\lib\main.dart -Pbase-application-name=android.app.Application -Pdart-defines=RkxVVFRFUl9WRVJTSU9OPTMuMzUuNg==,RkxVVFRFUl9DSEFOTkVMPXN0YWJsZQ==,RkxVVFRFUl9HSVRfVVJMPWh0dHBzOi8vZ2l0aHViLmNvbS9mbHV0dGVyL2ZsdXR0ZXIuZ2l0,RkxVVFRFUl9GUkFNRVdPUktfUkVWSVNJT049OWY0NTVkMjQ4Ng==,RkxVVFRFUl9FTkdJTkVfUkVWSVNJT049ZDI5MTM2MzJhNA==,RkxVVFRFUl9EQVJUX1ZFUlNJT049My45LjI= -Pdart-obfuscation=false -Ptrack-widget-creation=true -Ptree-shake-icons=false -Pfilesystem-scheme=org-dartlang-root assembleDebug
java_class_path (initial): C:\Users\belat\Documents\SAE\otakugo\android\\gradle\wrapper\gradle-wrapper.jar
Launcher Type: SUN_STANDARD

[Global flags]
     intx CICompilerCount                          = 4                                         {product} {ergonomic}
     uint ConcGCThreads                            = 3                                         {product} {ergonomic}
     uint G1ConcRefinementThreads                  = 10                                        {product} {ergonomic}
   size_t G1HeapRegionSize                         = 1048576                                   {product} {ergonomic}
    uintx GCDrainStackTargetSize                   = 64                                        {product} {ergonomic}
   size_t InitialHeapSize                          = 98566144                                  {product} {ergonomic}
   size_t MarkStackSize                            = 4194304                                   {product} {ergonomic}
   size_t MaxHeapSize                              = 1570766848                                {product} {ergonomic}
   size_t MinHeapDeltaBytes                        = 1048576                                   {product} {ergonomic}
   size_t MinHeapSize                              = 8388608                                   {product} {ergonomic}
    uintx NonNMethodCodeHeapSize                   = 5839372                                {pd product} {ergonomic}
    uintx NonProfiledCodeHeapSize                  = 122909434                              {pd product} {ergonomic}
    uintx ProfiledCodeHeapSize                     = 122909434                              {pd product} {ergonomic}
    uintx ReservedCodeCacheSize                    = 251658240                              {pd product} {ergonomic}
     bool SegmentedCodeCache                       = true                                      {product} {ergonomic}
   size_t SoftMaxHeapSize                          = 1570766848                             {manageable} {ergonomic}
     bool UseCompressedOops                        = true                           {product lp64_product} {ergonomic}
     bool UseG1GC                                  = true                                      {product} {ergonomic}
     bool UseLargePagesIndividualAllocation        = false                                  {pd product} {ergonomic}

Logging:
Log output configuration:
 #0: stdout all=warning uptime,level,tags foldmultilines=false
 #1: stderr all=off uptime,level,tags foldmultilines=false

Environment Variables:
JAVA_HOME=C:\Program Files\Android\Android Studio\jbr
CLASSPATH=C:\Users\belat\Documents\SAE\otakugo\android\\gradle\wrapper\gradle-wrapper.jar
PATH=C:\Program Files\Android\Android Studio\jbr\bin;C:\Program Files\Common Files\Oracle\Java\javapath;c:\Users\belat\AppData\Local\Programs\cursor\resources\app\bin;C:\Windows\system32;C:\Windows;C:\Windows\System32\Wbem;C:\Windows\System32\WindowsPowerShell\v1.0\;C:\Windows\System32\OpenSSH\;C:\Users\belat\AppData\Local\Microsoft\WindowsApps;C:\Program Files\Python312;c:\Users\belat\AppData\Local\Programs\cursor\resources\app\bin;C:\Program Files\Git\cmd;C:\ProgramData\chocolatey\bin;C:\Program Files\nodejs\;C:\ProgramData\ComposerSetup\bin;C:\Program Files\Docker\Docker\resources\bin;C:\Users\belat\AppData\Local\Microsoft\WindowsApps;C:\Program Files\Python312;C:\Users\belat\AppData\Local\Programs\Microsoft VS Code\bin;C:\Program Files\PHP;C:\Users\belat\AppData\Roaming\Composer\vendor\bin;C:\Users\belat\AppData\Roaming\npm;C:\Users\belat\AppData\Local\Programs\cursor\resources\app\bin;C:\Users\belat\Desktop\archive\SAEEE\flutter\bin;C:\Users\belat\Desktop\bdd\cockroach;C:\Users\belat\AppData\Local\Programs\Antigravity\bin;C:\Users\belat\Desktop\archive\SAEEE\flutter\bin\mingit\cmd
USERNAME=belat
LANG=en_US.UTF-8
OS=Windows_NT
PROCESSOR_IDENTIFIER=AMD64 Family 23 Model 104 Stepping 1, AuthenticAMD
TMP=C:\Users\belat\AppData\Local\Temp
TEMP=C:\Users\belat\AppData\Local\Temp




Periodic native trim disabled

JNI global refs:
JNI global refs: 0, weak refs: 0

JNI global refs memory usage: 0, weak refs: 0

Process memory usage:
Resident Set Size: 11572K (0% of 6133188K total physical memory with 22608K free physical memory)

OOME stack traces (most recent first):
Classloader memory used:

---------------  S Y S T E M  ---------------

OS:
 Windows 11 , 64 bit Build 22621 (10.0.22621.5415)
OS uptime: 10 days 21:25 hours
Hyper-V role detected

CPU: total 12 (initial active 12) (12 cores per cpu, 2 threads per core) family 23 model 104 stepping 1 microcode 0x0, cx8, cmov, fxsr, ht, mmx, 3dnowpref, sse, sse2, sse3, ssse3, sse4a, sse4.1, sse4.2, popcnt, lzcnt, tsc, tscinvbit, avx, avx2, aes, clmul, bmi1, bmi2, adx, sha, fma, vzeroupper, clflush, clflushopt, hv, rdtscp, rdpid, f16c
Processor Information for the first 12 processors :
  Max Mhz: 2100, Current Mhz: 2100, Mhz Limit: 2100

Memory: 4k page, system-wide physical 5989M (22M free)
TotalPageFile size 24421M (AvailPageFile size 50M)
current process WorkingSet (physical memory assigned to process): 11M, peak: 11M
current process commit charge ("private bytes"): 64M, peak: 158M

vm_info: OpenJDK 64-Bit Server VM (21.0.8+-14018985-b1038.68) for windows-amd64 JRE (21.0.8+-14018985-b1038.68), built on 2025-08-29T19:56:34Z by "builder" with MS VC++ 16.10 / 16.11 (VS2019)

END.
